0 info it worked if it ends with ok
1 verbose cli [ 'node', '/usr/local/bin/npm', 'run', 'serve' ]
2 info using npm@2.1.4
3 info using node@v0.10.32
4 verbose node symlink /usr/local/bin/node
5 verbose run-script [ 'preserve', 'serve', 'postserve' ]
6 info preserve f2h-admin@0.0.1
7 info serve f2h-admin@0.0.1
8 verbose unsafe-perm in lifecycle true
9 info f2h-admin@0.0.1 Failed to exec serve script
10 verbose stack Error: f2h-admin@0.0.1 serve: `atomify`
10 verbose stack Exit status 8
10 verbose stack     at ChildProcess.<anonymous> (/usr/local/lib/node_modules/npm/lib/utils/lifecycle.js:212:16)
10 verbose stack     at ChildProcess.emit (events.js:98:17)
10 verbose stack     at maybeClose (child_process.js:756:16)
10 verbose stack     at Process.ChildProcess._handle.onexit (child_process.js:823:5)
11 verbose pkgid f2h-admin@0.0.1
12 verbose cwd /Users/dan/projects/f2h-admin
13 error Darwin 13.3.0
14 error argv "node" "/usr/local/bin/npm" "run" "serve"
15 error node v0.10.32
16 error npm  v2.1.4
17 error code ELIFECYCLE
18 error f2h-admin@0.0.1 serve: `atomify`
18 error Exit status 8
19 error Failed at the f2h-admin@0.0.1 serve script.
19 error This is most likely a problem with the f2h-admin package,
19 error not with npm itself.
19 error Tell the author that this fails on your system:
19 error     atomify
19 error You can get their info via:
19 error     npm owner ls f2h-admin
19 error There is likely additional logging output above.
20 verbose exit [ 1, true ]
